<?xml version="1.0" encoding="UTF-8"?>
<testsuite xmlns:xsi="http://www.w3.org/2001/XMLSchema-instance" xsi:noNamespaceSchemaLocation="https://maven.apache.org/surefire/maven-surefire-plugin/xsd/surefire-test-report.xsd" version="3.0.2" name="TestSuite" time="24.8" tests="2" errors="0" skipped="0" failures="0">
  <properties>
[...]
</properties>
  <testcase name="verify_Account_RegPage" classname="testCases.TC001_AccountRegistrationTest" time="4.518">
    <system-out><![CDATA[2025-01-27T14:37:33.991419200Z main INFO Starting configuration XmlConfiguration[location=C:\Users\user\Live_Project_Qedge_Restarting_July_2024\OpenCart_Hybrid\target\test-classes\log4j2.xml, lastModified=2024-10-25T09:04:36.971Z]...
2025-01-27T14:37:33.995421300Z main INFO Start watching for changes to C:\Users\user\Live_Project_Qedge_Restarting_July_2024\OpenCart_Hybrid\target\test-classes\log4j2.xml every 0 seconds
2025-01-27T14:37:33.996419800Z main INFO Configuration XmlConfiguration[location=C:\Users\user\Live_Project_Qedge_Restarting_July_2024\OpenCart_Hybrid\target\test-classes\log4j2.xml, lastModified=2024-10-25T09:04:36.971Z] started.
2025-01-27T14:37:33.999419800Z main INFO Stopping configuration org.apache.logging.log4j.core.config.DefaultConfiguration@72a7c7e0...
2025-01-27T14:37:34.000430600Z main INFO Configuration org.apache.logging.log4j.core.config.DefaultConfiguration@72a7c7e0 stopped.
]]></system-out>
    <system-err><![CDATA[Jan 27, 2025 8:07:41 PM org.openqa.selenium.devtools.CdpVersionFinder findNearestMatch
WARNING: Unable to find an exact match for CDP version 131, returning the closest version; found: 129; Please update to a Selenium version that supports CDP version 131
]]></system-err>
  </testcase>
  <testcase name="verfyLogin" classname="testCases.TC002_LoginTest" time="2.137">
    <system-err><![CDATA[Jan 27, 2025 8:07:48 PM org.openqa.selenium.remote.http.WebSocket$Listener onError
WARNING: Connection reset
java.net.SocketException: Connection reset
	at java.base/sun.nio.ch.SocketChannelImpl.throwConnectionReset(SocketChannelImpl.java:401)
	at java.base/sun.nio.ch.SocketChannelImpl.read(SocketChannelImpl.java:434)
	at java.net.http/jdk.internal.net.http.SocketTube.readAvailable(SocketTube.java:1178)
	at java.net.http/jdk.internal.net.http.SocketTube$InternalReadPublisher$InternalReadSubscription.read(SocketTube.java:841)
	at java.net.http/jdk.internal.net.http.SocketTube$SocketFlowTask.run(SocketTube.java:181)
	at java.net.http/jdk.internal.net.http.common.SequentialScheduler$SchedulableTask.run(SequentialScheduler.java:207)
	at java.net.http/jdk.internal.net.http.common.SequentialScheduler.runOrSchedule(SequentialScheduler.java:280)
	at java.net.http/jdk.internal.net.http.common.SequentialScheduler.runOrSchedule(SequentialScheduler.java:233)
	at java.net.http/jdk.internal.net.http.SocketTube$InternalReadPublisher$InternalReadSubscription.signalReadable(SocketTube.java:782)
	at java.net.http/jdk.internal.net.http.SocketTube$InternalReadPublisher$ReadEvent.signalEvent(SocketTube.java:965)
	at java.net.http/jdk.internal.net.http.SocketTube$SocketFlowEvent.handle(SocketTube.java:253)
	at java.net.http/jdk.internal.net.http.HttpClientImpl$SelectorManager.handleEvent(HttpClientImpl.java:1467)
	at java.net.http/jdk.internal.net.http.HttpClientImpl$SelectorManager.lambda$run$3(HttpClientImpl.java:1412)
	at java.base/java.util.ArrayList.forEach(ArrayList.java:1596)
	at java.net.http/jdk.internal.net.http.HttpClientImpl$SelectorManager.run(HttpClientImpl.java:1412)

Jan 27, 2025 8:07:51 PM org.openqa.selenium.devtools.CdpVersionFinder findNearestMatch
WARNING: Unable to find an exact match for CDP version 131, returning the closest version; found: 129; Please update to a Selenium version that supports CDP version 131
]]></system-err>
  </testcase>
</testsuite>