<?xml version="1.0" encoding="UTF-8"?>
<testng-results ignored="0" total="2" passed="2" failed="0" skipped="0">
  <reporter-output>
  </reporter-output>
  <suite started-at="2025-01-27T20:07:34 IST" name="Master Suite" finished-at="2025-01-27T20:07:55 IST" duration-ms="20836">
    <groups>
      <group name="Master">
        <method signature="TC001_AccountRegistrationTest.verify_Account_RegPage()[pri:0, instance:testCases.TC001_AccountRegistrationTest@5f9be66c]" name="verify_Account_RegPage" class="testCases.TC001_AccountRegistrationTest"/>
        <method signature="TC002_LoginTest.verfyLogin()[pri:0, instance:testCases.TC002_LoginTest@3adcc812]" name="verfyLogin" class="testCases.TC002_LoginTest"/>
      </group> <!-- Master -->
      <group name="Sanity">
        <method signature="TC002_LoginTest.verfyLogin()[pri:0, instance:testCases.TC002_LoginTest@3adcc812]" name="verfyLogin" class="testCases.TC002_LoginTest"/>
      </group> <!-- Sanity -->
      <group name="Regression">
        <method signature="TC001_AccountRegistrationTest.verify_Account_RegPage()[pri:0, instance:testCases.TC001_AccountRegistrationTest@5f9be66c]" name="verify_Account_RegPage" class="testCases.TC001_AccountRegistrationTest"/>
      </group> <!-- Regression -->
    </groups>
    <test started-at="2025-01-27T20:07:34 IST" name="Test" finished-at="2025-01-27T20:07:55 IST" duration-ms="20836">
      <class name="testCases.TC002_LoginTest">
        <test-method is-config="true" signature="setUp(java.lang.String,java.lang.String)[pri:0, instance:testCases.TC002_LoginTest@3adcc812]" started-at="2025-01-27T20:07:48 IST" name="setUp" finished-at="2025-01-27T20:07:53 IST" duration-ms="4309" status="PASS">
          <params>
            <param index="0">
              <value>
                <![CDATA[windows]]>
              </value>
            </param>
            <param index="1">
              <value>
                <![CDATA[chrome]]>
              </value>
            </param>
          </params>
          <reporter-output>
          </reporter-output>
        </test-method> <!-- setUp -->
        <test-method signature="verfyLogin()[pri:0, instance:testCases.TC002_LoginTest@3adcc812]" started-at="2025-01-27T20:07:53 IST" name="verfyLogin" finished-at="2025-01-27T20:07:55 IST" duration-ms="2137" status="PASS">
          <reporter-output>
          </reporter-output>
        </test-method> <!-- verfyLogin -->
        <test-method is-config="true" signature="tearDown()[pri:0, instance:testCases.TC002_LoginTest@3adcc812]" started-at="2025-01-27T20:07:55 IST" name="tearDown" finished-at="2025-01-27T20:07:55 IST" duration-ms="237" status="PASS">
          <reporter-output>
          </reporter-output>
        </test-method> <!-- tearDown -->
      </class> <!-- testCases.TC002_LoginTest -->
      <class name="testCases.TC001_AccountRegistrationTest">
        <test-method is-config="true" signature="setUp(java.lang.String,java.lang.String)[pri:0, instance:testCases.TC001_AccountRegistrationTest@5f9be66c]" started-at="2025-01-27T20:07:35 IST" name="setUp" finished-at="2025-01-27T20:07:43 IST" duration-ms="8323" status="PASS">
          <params>
            <param index="0">
              <value>
                <![CDATA[windows]]>
              </value>
            </param>
            <param index="1">
              <value>
                <![CDATA[chrome]]>
              </value>
            </param>
          </params>
          <reporter-output>
          </reporter-output>
        </test-method> <!-- setUp -->
        <test-method signature="verify_Account_RegPage()[pri:0, instance:testCases.TC001_AccountRegistrationTest@5f9be66c]" started-at="2025-01-27T20:07:43 IST" name="verify_Account_RegPage" finished-at="2025-01-27T20:07:47 IST" duration-ms="4186" status="PASS">
          <reporter-output>
          </reporter-output>
        </test-method> <!-- verify_Account_RegPage -->
        <test-method is-config="true" signature="tearDown()[pri:0, instance:testCases.TC001_AccountRegistrationTest@5f9be66c]" started-at="2025-01-27T20:07:48 IST" name="tearDown" finished-at="2025-01-27T20:07:48 IST" duration-ms="673" status="PASS">
          <reporter-output>
          </reporter-output>
        </test-method> <!-- tearDown -->
      </class> <!-- testCases.TC001_AccountRegistrationTest -->
    </test> <!-- Test -->
  </suite> <!-- Master Suite -->
</testng-results>
